<?xml version="1.0" encoding="UTF-8"?>
<!-- Generated by org.testng.reporters.JUnitXMLReporter -->
<testsuite hostname="DESKTOP-A49CF4I" failures="1" tests="13" name="Test_With_Extent" time="146.059" errors="0" timestamp="26 Jan 2020 19:53:15 GMT">
  <testcase classname="com.crm.qa.testcases.ContactsPageTest" name="createNewContcatTest" time="3.622"/>
  <testcase classname="com.crm.qa.testcases.ContactsPageTest" name="createNewContcatTest" time="3.793"/>
  <testcase classname="com.crm.qa.testcases.ContactsPageTest" name="createNewContcatTest" time="3.758"/>
  <testcase classname="com.crm.qa.testcases.ContactsPageTest" name="createNewContcatTest" time="4.146"/>
  <testcase classname="com.crm.qa.testcases.LoginPageTest" name="validateloginpagetitileTest" time="0.017"/>
  <testcase classname="com.crm.qa.testcases.HomePageTest" name="verifyhomepagetitleTest" time="0.014"/>
  <testcase classname="com.crm.qa.testcases.ContactsPageTest" name="contactslabelTest" time="0.138"/>
  <testcase classname="com.crm.qa.testcases.LoginPageTest" name="loginTest" time="0.494"/>
  <testcase classname="com.crm.qa.testcases.HomePageTest" name="verifUserNameTest" time="1.361"/>
  <testcase classname="com.crm.qa.testcases.ContactsPageTest" name="SelectCheckboxByNameTest" time="0.702">
    <failure type="org.openqa.selenium.ElementClickInterceptedException" message="element click intercepted: Element &amp;lt;td class=&amp;quot;&amp;quot;&amp;gt;...&amp;lt;/td&amp;gt; is not clickable at point (347, 583). Other element would receive the click: &amp;lt;div name=&amp;quot;action&amp;quot; role=&amp;quot;listbox&amp;quot; aria-expanded=&amp;quot;false&amp;quot; class=&amp;quot;ui selection upward dropdown&amp;quot; tabindex=&amp;quot;0&amp;quot;&amp;gt;...&amp;lt;/div&amp;gt;
  (Session info: chrome=79.0.3945.130)
Build info: version: &amp;apos;3.141.59&amp;apos;, revision: &amp;apos;e82be7d358&amp;apos;, time: &amp;apos;2018-11-14T08:17:03&amp;apos;
System info: host: &amp;apos;DESKTOP-A49CF4I&amp;apos;, ip: &amp;apos;10.0.0.138&amp;apos;, os.name: &amp;apos;Windows 10&amp;apos;, os.arch: &amp;apos;amd64&amp;apos;, os.version: &amp;apos;10.0&amp;apos;, java.version: &amp;apos;13.0.1&amp;apos;
Driver info: org.openqa.selenium.chrome.ChromeDriver
Capabilities {acceptInsecureCerts: false, browserName: chrome, browserVersion: 79.0.3945.130, chrome: {chromedriverVersion: 78.0.3904.105 (60e2d8774a81..., userDataDir: C:\Users\tejas\AppData\Loca...}, goog:chromeOptions: {debuggerAddress: localhost:64178}, javascriptEnabled: true, networkConnectionEnabled: false, pageLoadStrategy: normal, platform: XP, platformName: XP, proxy: Proxy(), setWindowRect: true, strictFileInteractability: false, timeouts: {implicit: 0, pageLoad: 300000, script: 30000}, unhandledPromptBehavior: dismiss and notify}
Session ID: daeeb4633650d0d02dcc787618305554">
      <![CDATA[org.openqa.selenium.ElementClickInterceptedException: element click intercepted: Element <td class="">...</td> is not clickable at point (347, 583). Other element would receive the click: <div name="action" role="listbox" aria-expanded="false" class="ui selection upward dropdown" tabindex="0">...</div>
  (Session info: chrome=79.0.3945.130)
Build info: version: '3.141.59', revision: 'e82be7d358', time: '2018-11-14T08:17:03'
System info: host: 'DESKTOP-A49CF4I', ip: '10.0.0.138', os.name: 'Windows 10', os.arch: 'amd64', os.version: '10.0', java.version: '13.0.1'
Driver info: org.openqa.selenium.chrome.ChromeDriver
Capabilities {acceptInsecureCerts: false, browserName: chrome, browserVersion: 79.0.3945.130, chrome: {chromedriverVersion: 78.0.3904.105 (60e2d8774a81..., userDataDir: C:\Users\tejas\AppData\Loca...}, goog:chromeOptions: {debuggerAddress: localhost:64178}, javascriptEnabled: true, networkConnectionEnabled: false, pageLoadStrategy: normal, platform: XP, platformName: XP, proxy: Proxy(), setWindowRect: true, strictFileInteractability: false, timeouts: {implicit: 0, pageLoad: 300000, script: 30000}, unhandledPromptBehavior: dismiss and notify}
Session ID: daeeb4633650d0d02dcc787618305554
	at org.openqa.selenium.remote.http.W3CHttpResponseCodec.createException(W3CHttpResponseCodec.java:187)
	at org.openqa.selenium.remote.http.W3CHttpResponseCodec.decode(W3CHttpResponseCodec.java:122)
	at org.openqa.selenium.remote.http.W3CHttpResponseCodec.decode(W3CHttpResponseCodec.java:49)
	at org.openqa.selenium.remote.HttpCommandExecutor.execute(HttpCommandExecutor.java:158)
	at org.openqa.selenium.remote.service.DriverCommandExecutor.execute(DriverCommandExecutor.java:83)
	at org.openqa.selenium.remote.RemoteWebDriver.execute(RemoteWebDriver.java:552)
	at org.openqa.selenium.remote.RemoteWebElement.execute(RemoteWebElement.java:285)
	at org.openqa.selenium.remote.RemoteWebElement.click(RemoteWebElement.java:84)
	at com.crm.qa.pages.ContactsPage.verifySelectCheckboxByName(ContactsPage.java:56)
	at com.crm.qa.testcases.ContactsPageTest.SelectCheckboxByNameTest(ContactsPageTest.java:49)
... Removed 29 stack frames]]>
    </failure>
  </testcase> <!-- SelectCheckboxByNameTest -->
  <testcase classname="com.crm.qa.testcases.HomePageTest" name="verifUserNameDisplayTest" time="1.195"/>
  <testcase classname="com.crm.qa.testcases.HomePageTest" name="verifyContactsLinkTest" time="1.666"/>
  <testcase classname="com.crm.qa.testcases.HomePageTest" name="verifyDealsLinkTest" time="1.665"/>
</testsuite> <!-- Test_With_Extent -->
